4926.0173
2313.2594
3402.3448
7926.2383
8863.4801
8109.4978
4398.6785
8835.7293
4647.0439
5203.1058
9503.3178
9650.9726
4085.6412
4700.8698
6535.5599
13007.7644
12723.4502
10207.0345
9450.9579
11617.6096
7088.2184
7542.9640
8109.4978
2922.4666
8824.7338
8171.2825
14476.4589
11889.3574
10053.0965
10057.2853
4700.8698
1492.2565
10263.5832
2187.1768
12076.2822
12468.9812
13007.7644
4412.3669
3185.5750
10562.0345
11617.6096
2135.3164
5278.9229
9556.7249
8482.3002
10305.9947
4247.4333
9650.9726
9503.3178
8671.8429
99733085.2039
95267167.7807
20972826.4492
94052507.6331
26921929.9384
55721587.7353
41601978.3701
100675504.3569
93003474.3446
40444059.5746
82613335.2269
88947323.7525
96176997.0987
98406030.9139
83547277.8393
74340638.7206
35669295.1697
105337163.4227
85177527.2363
80325499.1748
109841291.5137
124702535.8712
78382887.5035
50499374.0305
54028186.1999
21337902.5539
74309479.6193
101676769.7291
55075163.4207
47623048.6641
99243147.5464
78138963.2543
60932638.8378
51743853.6520
19488620.0954
81852396.4567
100857956.0154
96303794.9198
118784249.6924
88145363.1126
108133947.4330
127636236.7726
45078537.0572
52270054.1899
95687132.7451
61065060.6333
76480049.9660
44111280.1734
70413563.3425
67524240.5790
25.1327
3.1416
50.2655
31415.9265
363527.1499
16156762.2185
1413.7167
1924.2255
